<?xml version="1.0" encoding="UTF-8"?>
<robot generator="Robot 5.0.1 (Python 3.10.2 on win32)" generated="20221025 18:59:41.929" rpa="false" schemaversion="3">
<suite id="s1" name="Automation" source="C:\Users\CRS\Desktop\ROBOT_FRAMEWORK\Case_1\Test\automation.robot">
<test id="s1-t1" name="Register User" line="10">
<kw name="Open the page under test">
<kw name="Open Browser" library="SeleniumLibrary">
<arg>${url}</arg>
<arg>${browser}</arg>
<doc>Opens a new browser instance to the optional ``url``.</doc>
<msg timestamp="20221025 18:59:42.372" level="INFO">Opening browser 'chrome' to base url 'https://www.automationexercise.com/'.</msg>
<status status="PASS" starttime="20221025 18:59:42.372" endtime="20221025 18:59:47.903"/>
</kw>
<kw name="Maximize Browser Window" library="SeleniumLibrary">
<doc>Maximizes current browser window.</doc>
<status status="PASS" starttime="20221025 18:59:47.905" endtime="20221025 18:59:48.047"/>
</kw>
<kw name="Set Browser Implicit Wait" library="SeleniumLibrary">
<arg>5</arg>
<doc>Sets the implicit wait value used by Selenium.</doc>
<status status="PASS" starttime="20221025 18:59:48.048" endtime="20221025 18:59:48.052"/>
</kw>
<status status="PASS" starttime="20221025 18:59:42.372" endtime="20221025 18:59:48.052"/>
</kw>
<kw name="Sign up as a new user">
<kw name="Press Keys" library="SeleniumLibrary">
<arg>//*[@id="header"]/div/div/div/div[2]/div/ul/li[4]/a</arg>
<arg>Return</arg>
<doc>Simulates the user pressing key(s) to an element or on the active browser.</doc>
<msg timestamp="20221025 18:59:48.058" level="INFO">Sending key(s) ('Return',) to //*[@id="header"]/div/div/div/div[2]/div/ul/li[4]/a element.</msg>
<msg timestamp="20221025 18:59:50.669" level="INFO">Sending keys Return</msg>
<status status="PASS" starttime="20221025 18:59:48.057" endtime="20221025 18:59:50.690"/>
</kw>
<kw name="Element Should Be Visible" library="SeleniumLibrary">
<arg>//*[@id="form"]/div/div/div[3]/div/h2</arg>
<doc>Verifies that the element identified by ``locator`` is visible.</doc>
<msg timestamp="20221025 18:59:50.744" level="INFO">Element '//*[@id="form"]/div/div/div[3]/div/h2' is displayed.</msg>
<status status="PASS" starttime="20221025 18:59:50.690" endtime="20221025 18:59:50.744"/>
</kw>
<kw name="Input Text" library="SeleniumLibrary">
<arg>//*[@id="form"]/div/div/div[3]/div/form/input[2]</arg>
<arg>Liberta</arg>
<doc>Types the given ``text`` into the text field identified by ``locator``.</doc>
<msg timestamp="20221025 18:59:50.745" level="INFO">Typing text 'Liberta' into text field '//*[@id="form"]/div/div/div[3]/div/form/input[2]'.</msg>
<status status="PASS" starttime="20221025 18:59:50.744" endtime="20221025 18:59:51.221"/>
</kw>
<kw name="Input Text" library="SeleniumLibrary">
<arg>//*[@id="form"]/div/div/div[3]/div/form/input[3]</arg>
<arg>fittitit@gmail.com</arg>
<doc>Types the given ``text`` into the text field identified by ``locator``.</doc>
<msg timestamp="20221025 18:59:51.221" level="INFO">Typing text 'fittitit@gmail.com' into text field '//*[@id="form"]/div/div/div[3]/div/form/input[3]'.</msg>
<status status="PASS" starttime="20221025 18:59:51.221" endtime="20221025 18:59:51.384"/>
</kw>
<kw name="Press Keys" library="SeleniumLibrary">
<arg>//*[@id="form"]/div/div/div[3]/div/form/button</arg>
<arg>Return</arg>
<doc>Simulates the user pressing key(s) to an element or on the active browser.</doc>
<msg timestamp="20221025 18:59:51.384" level="INFO">Sending key(s) ('Return',) to //*[@id="form"]/div/div/div[3]/div/form/button element.</msg>
<msg timestamp="20221025 18:59:53.530" level="INFO">Sending keys Return</msg>
<status status="PASS" starttime="20221025 18:59:51.384" endtime="20221025 18:59:53.628"/>
</kw>
<kw name="Wait Until Element Contains" library="SeleniumLibrary">
<arg>//*[@id="form"]/div/div/div/div[1]/h2/b</arg>
<arg>ENTER ACCOUNT INFORMATION</arg>
<doc>Waits until the element ``locator`` contains ``text``.</doc>
<status status="PASS" starttime="20221025 18:59:53.628" endtime="20221025 18:59:53.668"/>
</kw>
<kw name="Set Browser Implicit Wait" library="SeleniumLibrary">
<arg>5</arg>
<doc>Sets the implicit wait value used by Selenium.</doc>
<status status="PASS" starttime="20221025 18:59:53.668" endtime="20221025 18:59:53.670"/>
</kw>
<status status="PASS" starttime="20221025 18:59:48.057" endtime="20221025 18:59:53.671"/>
</kw>
<kw name="Enter account informations">
<kw name="Press Keys" library="SeleniumLibrary">
<arg>//*[@id="id_gender2"]</arg>
<arg>Return</arg>
<doc>Simulates the user pressing key(s) to an element or on the active browser.</doc>
<msg timestamp="20221025 18:59:53.674" level="INFO">Sending key(s) ('Return',) to //*[@id="id_gender2"] element.</msg>
<msg timestamp="20221025 18:59:54.009" level="INFO">Sending keys Return</msg>
<status status="PASS" starttime="20221025 18:59:53.673" endtime="20221025 18:59:54.073"/>
</kw>
<kw name="Input Password" library="SeleniumLibrary">
<arg>//*[@id="password"]</arg>
<arg>Libidibi</arg>
<doc>Types the given password into the text field identified by ``locator``.</doc>
<msg timestamp="20221025 18:59:54.075" level="INFO">Typing password into text field '//*[@id="password"]'.</msg>
<msg timestamp="20221025 18:59:54.169" level="INFO">Temporally setting log level to: NONE</msg>
<msg timestamp="20221025 18:59:54.722" level="INFO">Log level changed from NONE to INFO.</msg>
<status status="PASS" starttime="20221025 18:59:54.073" endtime="20221025 18:59:54.722"/>
</kw>
<kw name="Scroll Element Into View" library="SeleniumLibrary">
<arg>//*[@id="address1"]</arg>
<doc>Scrolls the element identified by ``locator`` into view.</doc>
<status status="PASS" starttime="20221025 18:59:54.722" endtime="20221025 18:59:55.115"/>
</kw>
<kw name="Mouse Down" library="SeleniumLibrary">
<arg>//*[@id="days"]</arg>
<doc>Simulates pressing the left mouse button on the element ``locator``.</doc>
<msg timestamp="20221025 18:59:55.116" level="INFO">Simulating Mouse Down on element '//*[@id="days"]'.</msg>
<status status="PASS" starttime="20221025 18:59:55.116" endtime="20221025 18:59:55.664"/>
</kw>
<kw name="Select From List By Index" library="SeleniumLibrary">
<arg>days</arg>
<arg>10</arg>
<doc>Selects options from selection list ``locator`` by ``indexes``.</doc>
<msg timestamp="20221025 18:59:55.666" level="INFO">Selecting options from selection list 'days' by index 10.</msg>
<status status="PASS" starttime="20221025 18:59:55.665" endtime="20221025 18:59:56.043"/>
</kw>
<kw name="Sleep" library="BuiltIn">
<arg>1</arg>
<doc>Pauses the test executed for the given time.</doc>
<msg timestamp="20221025 18:59:57.056" level="INFO">Slept 1 second</msg>
<status status="PASS" starttime="20221025 18:59:56.044" endtime="20221025 18:59:57.057"/>
</kw>
<kw name="Mouse Down" library="SeleniumLibrary">
<arg>//*[@id="months"]</arg>
<doc>Simulates pressing the left mouse button on the element ``locator``.</doc>
<msg timestamp="20221025 18:59:57.057" level="INFO">Simulating Mouse Down on element '//*[@id="months"]'.</msg>
<status status="PASS" starttime="20221025 18:59:57.057" endtime="20221025 18:59:57.597"/>
</kw>
<kw name="Select From List By Index" library="SeleniumLibrary">
<arg>months</arg>
<arg>11</arg>
<doc>Selects options from selection list ``locator`` by ``indexes``.</doc>
<msg timestamp="20221025 18:59:57.602" level="INFO">Selecting options from selection list 'months' by index 11.</msg>
<status status="PASS" starttime="20221025 18:59:57.597" endtime="20221025 18:59:57.952"/>
</kw>
<kw name="Sleep" library="BuiltIn">
<arg>1</arg>
<doc>Pauses the test executed for the given time.</doc>
<msg timestamp="20221025 18:59:58.964" level="INFO">Slept 1 second</msg>
<status status="PASS" starttime="20221025 18:59:57.953" endtime="20221025 18:59:58.964"/>
</kw>
<kw name="Mouse Down" library="SeleniumLibrary">
<arg>//*[@id="years"]</arg>
<doc>Simulates pressing the left mouse button on the element ``locator``.</doc>
<msg timestamp="20221025 18:59:58.964" level="INFO">Simulating Mouse Down on element '//*[@id="years"]'.</msg>
<status status="PASS" starttime="20221025 18:59:58.964" endtime="20221025 18:59:59.342"/>
</kw>
<kw name="Select From List By Label" library="SeleniumLibrary">
<arg>years</arg>
<arg>1990</arg>
<doc>Selects options from selection list ``locator`` by ``labels``.</doc>
<msg timestamp="20221025 18:59:59.343" level="INFO">Selecting options from selection list 'years' by label 1990.</msg>
<status status="PASS" starttime="20221025 18:59:59.343" endtime="20221025 18:59:59.535"/>
</kw>
<kw name="Sleep" library="BuiltIn">
<arg>1</arg>
<doc>Pauses the test executed for the given time.</doc>
<msg timestamp="20221025 19:00:00.544" level="INFO">Slept 1 second</msg>
<status status="PASS" starttime="20221025 18:59:59.537" endtime="20221025 19:00:00.544"/>
</kw>
<kw name="Press Keys" library="SeleniumLibrary">
<arg>//*[@id="newsletter"]</arg>
<arg>Return</arg>
<doc>Simulates the user pressing key(s) to an element or on the active browser.</doc>
<msg timestamp="20221025 19:00:00.544" level="INFO">Sending key(s) ('Return',) to //*[@id="newsletter"] element.</msg>
<msg timestamp="20221025 19:00:00.876" level="INFO">Sending keys Return</msg>
<status status="PASS" starttime="20221025 19:00:00.544" endtime="20221025 19:00:00.900"/>
</kw>
<kw name="Press Keys" library="SeleniumLibrary">
<arg>//*[@id="optin"]</arg>
<arg>Return</arg>
<doc>Simulates the user pressing key(s) to an element or on the active browser.</doc>
<msg timestamp="20221025 19:00:00.901" level="INFO">Sending key(s) ('Return',) to //*[@id="optin"] element.</msg>
<msg timestamp="20221025 19:00:01.193" level="INFO">Sending keys Return</msg>
<status status="PASS" starttime="20221025 19:00:00.901" endtime="20221025 19:00:01.215"/>
</kw>
<kw name="Scroll Element Into View" library="SeleniumLibrary">
<arg>//*[@id="form"]/div/div/div/div[1]/form/button</arg>
<doc>Scrolls the element identified by ``locator`` into view.</doc>
<status status="PASS" starttime="20221025 19:00:01.216" endtime="20221025 19:00:01.508"/>
</kw>
<kw name="Input Text" library="SeleniumLibrary">
<arg>//*[@id="first_name"]</arg>
<arg>Liberta</arg>
<doc>Types the given ``text`` into the text field identified by ``locator``.</doc>
<msg timestamp="20221025 19:00:01.509" level="INFO">Typing text 'Liberta' into text field '//*[@id="first_name"]'.</msg>
<status status="PASS" starttime="20221025 19:00:01.509" endtime="20221025 19:00:01.666"/>
</kw>
<kw name="Input Text" library="SeleniumLibrary">
<arg>//*[@id="last_name"]</arg>
<arg>Gani</arg>
<doc>Types the given ``text`` into the text field identified by ``locator``.</doc>
<msg timestamp="20221025 19:00:01.667" level="INFO">Typing text 'Gani' into text field '//*[@id="last_name"]'.</msg>
<status status="PASS" starttime="20221025 19:00:01.666" endtime="20221025 19:00:01.848"/>
</kw>
<kw name="Input Text" library="SeleniumLibrary">
<arg>//*[@id="company"]</arg>
<arg>Quality company</arg>
<doc>Types the given ``text`` into the text field identified by ``locator``.</doc>
<msg timestamp="20221025 19:00:01.849" level="INFO">Typing text 'Quality company' into text field '//*[@id="company"]'.</msg>
<status status="PASS" starttime="20221025 19:00:01.849" endtime="20221025 19:00:02.063"/>
</kw>
<kw name="Input Text" library="SeleniumLibrary">
<arg>//*[@id="address1"]</arg>
<arg>Blv. Bajram Curri</arg>
<doc>Types the given ``text`` into the text field identified by ``locator``.</doc>
<msg timestamp="20221025 19:00:02.064" level="INFO">Typing text 'Blv. Bajram Curri' into text field '//*[@id="address1"]'.</msg>
<status status="PASS" starttime="20221025 19:00:02.064" endtime="20221025 19:00:02.260"/>
</kw>
<kw name="Input Text" library="SeleniumLibrary">
<arg>//*[@id="address2"]</arg>
<arg>Str. Petro Nini Luarasi</arg>
<doc>Types the given ``text`` into the text field identified by ``locator``.</doc>
<msg timestamp="20221025 19:00:02.261" level="INFO">Typing text 'Str. Petro Nini Luarasi' into text field '//*[@id="address2"]'.</msg>
<status status="PASS" starttime="20221025 19:00:02.261" endtime="20221025 19:00:02.475"/>
</kw>
<kw name="Mouse Down" library="SeleniumLibrary">
<arg>//*[@id="country"]</arg>
<doc>Simulates pressing the left mouse button on the element ``locator``.</doc>
<msg timestamp="20221025 19:00:02.476" level="INFO">Simulating Mouse Down on element '//*[@id="country"]'.</msg>
<status status="PASS" starttime="20221025 19:00:02.475" endtime="20221025 19:00:02.812"/>
</kw>
<kw name="Select From List By Label" library="SeleniumLibrary">
<arg>country</arg>
<arg>Israel</arg>
<doc>Selects options from selection list ``locator`` by ``labels``.</doc>
<msg timestamp="20221025 19:00:02.813" level="INFO">Selecting options from selection list 'country' by label Israel.</msg>
<status status="PASS" starttime="20221025 19:00:02.812" endtime="20221025 19:00:02.941"/>
</kw>
<kw name="Sleep" library="BuiltIn">
<arg>1</arg>
<doc>Pauses the test executed for the given time.</doc>
<msg timestamp="20221025 19:00:03.943" level="INFO">Slept 1 second</msg>
<status status="PASS" starttime="20221025 19:00:02.941" endtime="20221025 19:00:03.943"/>
</kw>
<kw name="Input Text" library="SeleniumLibrary">
<arg>//*[@id="state"]</arg>
<arg>Albania</arg>
<doc>Types the given ``text`` into the text field identified by ``locator``.</doc>
<msg timestamp="20221025 19:00:03.943" level="INFO">Typing text 'Albania' into text field '//*[@id="state"]'.</msg>
<status status="PASS" starttime="20221025 19:00:03.943" endtime="20221025 19:00:04.106"/>
</kw>
<kw name="Input Text" library="SeleniumLibrary">
<arg>//*[@id="city"]</arg>
<arg>Saranda</arg>
<doc>Types the given ``text`` into the text field identified by ``locator``.</doc>
<msg timestamp="20221025 19:00:04.107" level="INFO">Typing text 'Saranda' into text field '//*[@id="city"]'.</msg>
<status status="PASS" starttime="20221025 19:00:04.106" endtime="20221025 19:00:04.277"/>
</kw>
<kw name="Input Text" library="SeleniumLibrary">
<arg>//*[@id="zipcode"]</arg>
<arg>1017</arg>
<doc>Types the given ``text`` into the text field identified by ``locator``.</doc>
<msg timestamp="20221025 19:00:04.277" level="INFO">Typing text '1017' into text field '//*[@id="zipcode"]'.</msg>
<status status="PASS" starttime="20221025 19:00:04.277" endtime="20221025 19:00:04.474"/>
</kw>
<kw name="Input Text" library="SeleniumLibrary">
<arg>//*[@id="mobile_number"]</arg>
<arg>+355695223507</arg>
<doc>Types the given ``text`` into the text field identified by ``locator``.</doc>
<msg timestamp="20221025 19:00:04.475" level="INFO">Typing text '+355695223507' into text field '//*[@id="mobile_number"]'.</msg>
<status status="PASS" starttime="20221025 19:00:04.474" endtime="20221025 19:00:04.675"/>
</kw>
<status status="PASS" starttime="20221025 18:59:53.672" endtime="20221025 19:00:04.675"/>
</kw>
<kw name="Create account and verify it is created">
<kw name="Press Keys" library="SeleniumLibrary">
<arg>//*[@id="form"]/div/div/div/div[1]/form/button</arg>
<arg>Return</arg>
<doc>Simulates the user pressing key(s) to an element or on the active browser.</doc>
<msg timestamp="20221025 19:00:04.677" level="INFO">Sending key(s) ('Return',) to //*[@id="form"]/div/div/div/div[1]/form/button element.</msg>
<msg timestamp="20221025 19:00:07.050" level="INFO">Sending keys Return</msg>
<status status="PASS" starttime="20221025 19:00:04.676" endtime="20221025 19:00:07.146"/>
</kw>
<kw name="Wait Until Element Contains" library="SeleniumLibrary">
<arg>//*[@id="form"]/div/div/div/h2/b</arg>
<arg>ACCOUNT CREATED!</arg>
<doc>Waits until the element ``locator`` contains ``text``.</doc>
<status status="PASS" starttime="20221025 19:00:07.147" endtime="20221025 19:00:07.184"/>
</kw>
<status status="PASS" starttime="20221025 19:00:04.675" endtime="20221025 19:00:07.185"/>
</kw>
<kw name="Verify your account is created">
<kw name="Press Keys" library="SeleniumLibrary">
<arg>//*[@id="form"]/div/div/div/div/a</arg>
<arg>Return</arg>
<doc>Simulates the user pressing key(s) to an element or on the active browser.</doc>
<msg timestamp="20221025 19:00:07.188" level="INFO">Sending key(s) ('Return',) to //*[@id="form"]/div/div/div/div/a element.</msg>
<msg timestamp="20221025 19:00:10.532" level="INFO">Sending keys Return</msg>
<status status="PASS" starttime="20221025 19:00:07.187" endtime="20221025 19:00:10.556"/>
</kw>
<kw name="Wait Until Element Contains" library="SeleniumLibrary">
<arg>//*[@id="header"]/div/div/div/div[2]/div/ul/li[10]/a</arg>
<arg>Logged in as Liberta</arg>
<doc>Waits until the element ``locator`` contains ``text``.</doc>
<status status="PASS" starttime="20221025 19:00:10.556" endtime="20221025 19:00:10.606"/>
</kw>
<status status="PASS" starttime="20221025 19:00:07.186" endtime="20221025 19:00:10.607"/>
</kw>
<kw name="Delete account">
<kw name="Press Keys" library="SeleniumLibrary">
<arg>//*[@id="header"]/div/div/div/div[2]/div/ul/li[5]/a</arg>
<arg>Return</arg>
<doc>Simulates the user pressing key(s) to an element or on the active browser.</doc>
<msg timestamp="20221025 19:00:10.610" level="INFO">Sending key(s) ('Return',) to //*[@id="header"]/div/div/div/div[2]/div/ul/li[5]/a element.</msg>
<msg timestamp="20221025 19:00:11.901" level="INFO">Sending keys Return</msg>
<status status="PASS" starttime="20221025 19:00:10.609" endtime="20221025 19:00:11.927"/>
</kw>
<kw name="Wait Until Element Contains" library="SeleniumLibrary">
<arg>//*[@id="form"]/div/div/div/h2/b</arg>
<arg>ACCOUNT DELETED!</arg>
<doc>Waits until the element ``locator`` contains ``text``.</doc>
<status status="PASS" starttime="20221025 19:00:11.928" endtime="20221025 19:00:11.970"/>
</kw>
<kw name="Sleep" library="BuiltIn">
<arg>1</arg>
<doc>Pauses the test executed for the given time.</doc>
<msg timestamp="20221025 19:00:12.984" level="INFO">Slept 1 second</msg>
<status status="PASS" starttime="20221025 19:00:11.970" endtime="20221025 19:00:12.984"/>
</kw>
<status status="PASS" starttime="20221025 19:00:10.608" endtime="20221025 19:00:12.984"/>
</kw>
<kw name="Close Browser">
<kw name="Close Browser">
<kw name="Close Browser">
<kw name="Close Browser">
<kw name="Close Browser">
<kw name="Close Browser">
<kw name="Close Browser">
<kw name="Close Browser">
<kw name="Close Browser">
<kw name="Close Browser">
<kw name="Close Browser">
<kw name="Close Browser">
<kw name="Close Browser">
<kw name="Close Browser">
<kw name="Close Browser">
<kw name="Close Browser">
<kw name="Close Browser">
<kw name="Close Browser">
<kw name="Close Browser">
<kw name="Close Browser">
<kw name="Close Browser">
<kw name="Close Browser">
<kw name="Close Browser">
<kw name="Close Browser">
<kw name="Close Browser">
<kw name="Close Browser">
<kw name="Close Browser">
<kw name="Close Browser">
<kw name="Close Browser">
<kw name="Close Browser">
<kw name="Close Browser">
<kw name="Close Browser">
<kw name="Close Browser">
<kw name="Close Browser">
<kw name="Close Browser">
<kw name="Close Browser">
<kw name="Close Browser">
<kw name="Close Browser">
<kw name="Close Browser">
<kw name="Close Browser">
<kw name="Close Browser">
<kw name="Close Browser">
<kw name="Close Browser">
<kw name="Close Browser">
<kw name="Close Browser">
<kw name="Close Browser">
<kw name="Close Browser">
<kw name="Close Browser">
<kw name="Close Browser">
<kw name="Close Browser">
<kw name="Close Browser">
<kw name="Close Browser">
<kw name="Close Browser">
<kw name="Close Browser">
<kw name="Close Browser">
<kw name="Close Browser">
<kw name="Close Browser">
<kw name="Close Browser">
<kw name="Close Browser">
<kw name="Close Browser">
<kw name="Close Browser">
<kw name="Close Browser">
<kw name="Close Browser">
<kw name="Close Browser">
<kw name="Close Browser">
<kw name="Close Browser">
<kw name="Close Browser">
<kw name="Close Browser">
<kw name="Close Browser">
<kw name="Close Browser">
<kw name="Close Browser">
<kw name="Close Browser">
<kw name="Close Browser">
<kw name="Close Browser">
<kw name="Close Browser">
<kw name="Close Browser">
<kw name="Close Browser">
<kw name="Close Browser">
<kw name="Close Browser">
<kw name="Close Browser">
<kw name="Close Browser">
<kw name="Close Browser">
<kw name="Close Browser">
<kw name="Close Browser">
<kw name="Close Browser">
<kw name="Close Browser">
<kw name="Close Browser">
<kw name="Close Browser">
<kw name="Close Browser">
<kw name="Close Browser">
<kw name="Close Browser">
<kw name="Close Browser">
<kw name="Close Browser">
<kw name="Close Browser">
<kw name="Close Browser">
<kw name="Close Browser">
<kw name="Close Browser">
<kw name="Close Browser">
<kw name="Close Browser">
<kw name="Close Browser">
<msg timestamp="20221025 19:00:13.090" level="FAIL">Maximum limit of started keywords and control structures exceeded.</msg>
<status status="FAIL" starttime="20221025 19:00:13.085" endtime="20221025 19:00:13.090"/>
</kw>
<status status="FAIL" starttime="20221025 19:00:13.085" endtime="20221025 19:00:13.091"/>
</kw>
<status status="FAIL" starttime="20221025 19:00:13.085" endtime="20221025 19:00:13.092"/>
</kw>
<status status="FAIL" starttime="20221025 19:00:13.085" endtime="20221025 19:00:13.093"/>
</kw>
<status status="FAIL" starttime="20221025 19:00:13.085" endtime="20221025 19:00:13.094"/>
</kw>
<status status="FAIL" starttime="20221025 19:00:13.080" endtime="20221025 19:00:13.094"/>
</kw>
<status status="FAIL" starttime="20221025 19:00:13.080" endtime="20221025 19:00:13.094"/>
</kw>
<status status="FAIL" starttime="20221025 19:00:13.080" endtime="20221025 19:00:13.094"/>
</kw>
<status status="FAIL" starttime="20221025 19:00:13.080" endtime="20221025 19:00:13.094"/>
</kw>
<status status="FAIL" starttime="20221025 19:00:13.075" endtime="20221025 19:00:13.094"/>
</kw>
<status status="FAIL" starttime="20221025 19:00:13.075" endtime="20221025 19:00:13.096"/>
</kw>
<status status="FAIL" starttime="20221025 19:00:13.074" endtime="20221025 19:00:13.096"/>
</kw>
<status status="FAIL" starttime="20221025 19:00:13.073" endtime="20221025 19:00:13.097"/>
</kw>
<status status="FAIL" starttime="20221025 19:00:13.072" endtime="20221025 19:00:13.097"/>
</kw>
<status status="FAIL" starttime="20221025 19:00:13.072" endtime="20221025 19:00:13.097"/>
</kw>
<status status="FAIL" starttime="20221025 19:00:13.071" endtime="20221025 19:00:13.097"/>
</kw>
<status status="FAIL" starttime="20221025 19:00:13.069" endtime="20221025 19:00:13.097"/>
</kw>
<status status="FAIL" starttime="20221025 19:00:13.068" endtime="20221025 19:00:13.097"/>
</kw>
<status status="FAIL" starttime="20221025 19:00:13.067" endtime="20221025 19:00:13.097"/>
</kw>
<status status="FAIL" starttime="20221025 19:00:13.063" endtime="20221025 19:00:13.097"/>
</kw>
<status status="FAIL" starttime="20221025 19:00:13.062" endtime="20221025 19:00:13.097"/>
</kw>
<status status="FAIL" starttime="20221025 19:00:13.060" endtime="20221025 19:00:13.097"/>
</kw>
<status status="FAIL" starttime="20221025 19:00:13.059" endtime="20221025 19:00:13.097"/>
</kw>
<status status="FAIL" starttime="20221025 19:00:13.058" endtime="20221025 19:00:13.097"/>
</kw>
<status status="FAIL" starttime="20221025 19:00:13.055" endtime="20221025 19:00:13.097"/>
</kw>
<status status="FAIL" starttime="20221025 19:00:13.055" endtime="20221025 19:00:13.097"/>
</kw>
<status status="FAIL" starttime="20221025 19:00:13.052" endtime="20221025 19:00:13.097"/>
</kw>
<status status="FAIL" starttime="20221025 19:00:13.052" endtime="20221025 19:00:13.102"/>
</kw>
<status status="FAIL" starttime="20221025 19:00:13.052" endtime="20221025 19:00:13.102"/>
</kw>
<status status="FAIL" starttime="20221025 19:00:13.047" endtime="20221025 19:00:13.102"/>
</kw>
<status status="FAIL" starttime="20221025 19:00:13.047" endtime="20221025 19:00:13.102"/>
</kw>
<status status="FAIL" starttime="20221025 19:00:13.047" endtime="20221025 19:00:13.102"/>
</kw>
<status status="FAIL" starttime="20221025 19:00:13.047" endtime="20221025 19:00:13.102"/>
</kw>
<status status="FAIL" starttime="20221025 19:00:13.047" endtime="20221025 19:00:13.102"/>
</kw>
<status status="FAIL" starttime="20221025 19:00:13.047" endtime="20221025 19:00:13.104"/>
</kw>
<status status="FAIL" starttime="20221025 19:00:13.047" endtime="20221025 19:00:13.104"/>
</kw>
<status status="FAIL" starttime="20221025 19:00:13.047" endtime="20221025 19:00:13.105"/>
</kw>
<status status="FAIL" starttime="20221025 19:00:13.047" endtime="20221025 19:00:13.105"/>
</kw>
<status status="FAIL" starttime="20221025 19:00:13.046" endtime="20221025 19:00:13.106"/>
</kw>
<status status="FAIL" starttime="20221025 19:00:13.042" endtime="20221025 19:00:13.106"/>
</kw>
<status status="FAIL" starttime="20221025 19:00:13.042" endtime="20221025 19:00:13.107"/>
</kw>
<status status="FAIL" starttime="20221025 19:00:13.042" endtime="20221025 19:00:13.108"/>
</kw>
<status status="FAIL" starttime="20221025 19:00:13.042" endtime="20221025 19:00:13.108"/>
</kw>
<status status="FAIL" starttime="20221025 19:00:13.042" endtime="20221025 19:00:13.108"/>
</kw>
<status status="FAIL" starttime="20221025 19:00:13.042" endtime="20221025 19:00:13.109"/>
</kw>
<status status="FAIL" starttime="20221025 19:00:13.042" endtime="20221025 19:00:13.109"/>
</kw>
<status status="FAIL" starttime="20221025 19:00:13.042" endtime="20221025 19:00:13.109"/>
</kw>
<status status="FAIL" starttime="20221025 19:00:13.042" endtime="20221025 19:00:13.109"/>
</kw>
<status status="FAIL" starttime="20221025 19:00:13.041" endtime="20221025 19:00:13.109"/>
</kw>
<status status="FAIL" starttime="20221025 19:00:13.041" endtime="20221025 19:00:13.109"/>
</kw>
<status status="FAIL" starttime="20221025 19:00:13.039" endtime="20221025 19:00:13.109"/>
</kw>
<status status="FAIL" starttime="20221025 19:00:13.039" endtime="20221025 19:00:13.109"/>
</kw>
<status status="FAIL" starttime="20221025 19:00:13.038" endtime="20221025 19:00:13.109"/>
</kw>
<status status="FAIL" starttime="20221025 19:00:13.038" endtime="20221025 19:00:13.109"/>
</kw>
<status status="FAIL" starttime="20221025 19:00:13.038" endtime="20221025 19:00:13.109"/>
</kw>
<status status="FAIL" starttime="20221025 19:00:13.038" endtime="20221025 19:00:13.109"/>
</kw>
<status status="FAIL" starttime="20221025 19:00:13.037" endtime="20221025 19:00:13.113"/>
</kw>
<status status="FAIL" starttime="20221025 19:00:13.036" endtime="20221025 19:00:13.113"/>
</kw>
<status status="FAIL" starttime="20221025 19:00:13.035" endtime="20221025 19:00:13.113"/>
</kw>
<status status="FAIL" starttime="20221025 19:00:13.034" endtime="20221025 19:00:13.114"/>
</kw>
<status status="FAIL" starttime="20221025 19:00:13.032" endtime="20221025 19:00:13.114"/>
</kw>
<status status="FAIL" starttime="20221025 19:00:13.027" endtime="20221025 19:00:13.114"/>
</kw>
<status status="FAIL" starttime="20221025 19:00:13.027" endtime="20221025 19:00:13.115"/>
</kw>
<status status="FAIL" starttime="20221025 19:00:13.027" endtime="20221025 19:00:13.115"/>
</kw>
<status status="FAIL" starttime="20221025 19:00:13.027" endtime="20221025 19:00:13.115"/>
</kw>
<status status="FAIL" starttime="20221025 19:00:13.027" endtime="20221025 19:00:13.116"/>
</kw>
<status status="FAIL" starttime="20221025 19:00:13.027" endtime="20221025 19:00:13.116"/>
</kw>
<status status="FAIL" starttime="20221025 19:00:13.025" endtime="20221025 19:00:13.117"/>
</kw>
<status status="FAIL" starttime="20221025 19:00:13.023" endtime="20221025 19:00:13.117"/>
</kw>
<status status="FAIL" starttime="20221025 19:00:13.023" endtime="20221025 19:00:13.117"/>
</kw>
<status status="FAIL" starttime="20221025 19:00:13.022" endtime="20221025 19:00:13.118"/>
</kw>
<status status="FAIL" starttime="20221025 19:00:13.021" endtime="20221025 19:00:13.118"/>
</kw>
<status status="FAIL" starttime="20221025 19:00:13.020" endtime="20221025 19:00:13.118"/>
</kw>
<status status="FAIL" starttime="20221025 19:00:13.018" endtime="20221025 19:00:13.119"/>
</kw>
<status status="FAIL" starttime="20221025 19:00:13.016" endtime="20221025 19:00:13.119"/>
</kw>
<status status="FAIL" starttime="20221025 19:00:13.014" endtime="20221025 19:00:13.119"/>
</kw>
<status status="FAIL" starttime="20221025 19:00:13.013" endtime="20221025 19:00:13.120"/>
</kw>
<status status="FAIL" starttime="20221025 19:00:13.011" endtime="20221025 19:00:13.120"/>
</kw>
<status status="FAIL" starttime="20221025 19:00:13.011" endtime="20221025 19:00:13.120"/>
</kw>
<status status="FAIL" starttime="20221025 19:00:13.003" endtime="20221025 19:00:13.120"/>
</kw>
<status status="FAIL" starttime="20221025 19:00:13.002" endtime="20221025 19:00:13.120"/>
</kw>
<status status="FAIL" starttime="20221025 19:00:13.002" endtime="20221025 19:00:13.120"/>
</kw>
<status status="FAIL" starttime="20221025 19:00:12.999" endtime="20221025 19:00:13.120"/>
</kw>
<status status="FAIL" starttime="20221025 19:00:12.998" endtime="20221025 19:00:13.123"/>
</kw>
<status status="FAIL" starttime="20221025 19:00:12.997" endtime="20221025 19:00:13.123"/>
</kw>
<status status="FAIL" starttime="20221025 19:00:12.997" endtime="20221025 19:00:13.123"/>
</kw>
<status status="FAIL" starttime="20221025 19:00:12.996" endtime="20221025 19:00:13.124"/>
</kw>
<status status="FAIL" starttime="20221025 19:00:12.995" endtime="20221025 19:00:13.124"/>
</kw>
<status status="FAIL" starttime="20221025 19:00:12.995" endtime="20221025 19:00:13.125"/>
</kw>
<status status="FAIL" starttime="20221025 19:00:12.993" endtime="20221025 19:00:13.125"/>
</kw>
<status status="FAIL" starttime="20221025 19:00:12.992" endtime="20221025 19:00:13.125"/>
</kw>
<status status="FAIL" starttime="20221025 19:00:12.989" endtime="20221025 19:00:13.126"/>
</kw>
<status status="FAIL" starttime="20221025 19:00:12.988" endtime="20221025 19:00:13.126"/>
</kw>
<status status="FAIL" starttime="20221025 19:00:12.988" endtime="20221025 19:00:13.126"/>
</kw>
<status status="FAIL" starttime="20221025 19:00:12.988" endtime="20221025 19:00:13.127"/>
</kw>
<status status="FAIL" starttime="20221025 19:00:12.987" endtime="20221025 19:00:13.127"/>
</kw>
<status status="FAIL" starttime="20221025 19:00:12.987" endtime="20221025 19:00:13.127"/>
</kw>
<status status="FAIL" starttime="20221025 19:00:12.987" endtime="20221025 19:00:13.127"/>
</kw>
<status status="FAIL" starttime="20221025 19:00:12.986" endtime="20221025 19:00:13.127"/>
</kw>
<status status="FAIL" starttime="20221025 19:00:12.985" endtime="20221025 19:00:13.127"/>
</kw>
<doc>This is a test case to register a User</doc>
<tag>Functional</tag>
<status status="FAIL" starttime="20221025 18:59:42.371" endtime="20221025 19:00:13.148">Maximum limit of started keywords and control structures exceeded.</status>
</test>
<status status="FAIL" starttime="20221025 18:59:41.932" endtime="20221025 19:00:13.154"/>
</suite>
<statistics>
<total>
<stat pass="0" fail="1" skip="0">All Tests</stat>
</total>
<tag>
<stat pass="0" fail="1" skip="0">Functional</stat>
</tag>
<suite>
<stat pass="0" fail="1" skip="0" id="s1" name="Automation">Automation</stat>
</suite>
</statistics>
<errors>
</errors>
</robot>
